npx : [33mThe CJS 
build of Vite's Node 
API is deprecated. 
See https://vite.dev/
guide/troubleshooting
.html#vite-cjs-node-a
pi-deprecated for 
more details.[39m
At line:1 char:1
+ npx vite 2>&1 | 
Out-File -FilePath C:
\Users\abdul\Desktop\
solution\er ...
+ ~~~~~~~~~~~~~
    + CategoryInfo   
           : NotSpe  
  cified: ([33mTh   
 e CJS bu...e det    
ails.[39m:Strin    
g) [], RemoteExc    
eption
    + FullyQualified 
   ErrorId : Native  
  CommandError
 
[31mfailed to load 
config from C:\Users\
abdul\Desktop\solutio
n\vite.config.js[39m
[31merror when 
starting dev server:
Error 
[ERR_REQUIRE_ESM]: 
require() of ES 
Module C:\Users\abdul
\Desktop\solution\nod
e_modules\@tailwindcs
s\vite\dist\index.mjs
 not supported.
Instead change the 
require of C:\Users\a
bdul\Desktop\solution
\node_modules\@tailwi
ndcss\vite\dist\index
.mjs to a dynamic 
import() which is 
available in all 
CommonJS modules.
    at 
Object.<anonymous> (C
:\Users\abdul\Desktop
\solution\vite.config
.js:37:28)
    at _require.exten
sions.<computed> [as 
.js] (file:///C:/User
s/abdul/Desktop/solut
ion/node_modules/vite
/dist/node/chunks/dep
-D4NMHUTW.js:49463:16
)[39m
